c:\users\asuna\source\repos\debugdisplay\debugdisplay\debug\vc141.pdb
c:\users\asuna\source\repos\debugdisplay\debugdisplay\debug\vc141.idb
c:\users\asuna\source\repos\debugdisplay\debugdisplay\debug\vertexbuffer.obj
c:\users\asuna\source\repos\debugdisplay\debugdisplay\debug\texture.obj
c:\users\asuna\source\repos\debugdisplay\debugdisplay\debug\spritecontrollerkeybinding.obj
c:\users\asuna\source\repos\debugdisplay\debugdisplay\debug\movesprite.obj
c:\users\asuna\source\repos\debugdisplay\debugdisplay\debug\main.obj
c:\users\asuna\source\repos\debugdisplay\debugdisplay\debug\framerate.obj
c:\users\asuna\source\repos\debugdisplay\debugdisplay\debug\drawmanager.obj
c:\users\asuna\source\repos\debugdisplay\debugdisplay\debug\deletesprite.obj
c:\users\asuna\source\repos\debugdisplay\debugdisplay\debug\debugmenu.obj
c:\users\asuna\source\repos\debugdisplay\debugdisplay\debug\controlsprite.obj
c:\users\asuna\source\repos\debugdisplay\debugdisplay\debug\addsprite.obj
c:\users\asuna\source\repos\debugdisplay\debug\pixelshader.cso
c:\users\asuna\source\repos\debugdisplay\debug\vertexshader.cso
c:\users\asuna\source\repos\debugdisplay\debug\debugdisplay.ilk
c:\users\asuna\source\repos\debugdisplay\debug\debugdisplay.exe
c:\users\asuna\source\repos\debugdisplay\debug\debugdisplay.pdb
c:\users\asuna\source\repos\debugdisplay\debugdisplay\debug\debugdisplay.tlog\cl.command.1.tlog
c:\users\asuna\source\repos\debugdisplay\debugdisplay\debug\debugdisplay.tlog\cl.read.1.tlog
c:\users\asuna\source\repos\debugdisplay\debugdisplay\debug\debugdisplay.tlog\cl.write.1.tlog
c:\users\asuna\source\repos\debugdisplay\debugdisplay\debug\debugdisplay.tlog\fxc.command.1.tlog
c:\users\asuna\source\repos\debugdisplay\debugdisplay\debug\debugdisplay.tlog\fxc.read.1.tlog
c:\users\asuna\source\repos\debugdisplay\debugdisplay\debug\debugdisplay.tlog\fxc.write.1.tlog
c:\users\asuna\source\repos\debugdisplay\debugdisplay\debug\debugdisplay.tlog\link.command.1.tlog
c:\users\asuna\source\repos\debugdisplay\debugdisplay\debug\debugdisplay.tlog\link.read.1.tlog
c:\users\asuna\source\repos\debugdisplay\debugdisplay\debug\debugdisplay.tlog\link.write.1.tlog
